<?xml version="1.0" encoding="UTF-8"?>
<!-- Generated by org.testng.reporters.JUnitReportReporter -->
<testsuite skipped="0" hostname="DESKTOP-2CVRSQU" name="demo1.framwork_practise" tests="1" failures="0" timestamp="06 Mar 2017 09:35:41 GMT" time="0.000" errors="1">
  <testcase name="LoginWordpress" time="0.000" classname="demo1.framwork_practise">
    <error type="org.testng.TestNGException" message="
Method public void demo1.framwork_practise.LoginWordpress(java.lang.String,java.lang.String) throws java.lang.Throwable requires a @DataProvider named : WordpressData">
      <![CDATA[org.testng.TestNGException: 
Method public void demo1.framwork_practise.LoginWordpress(java.lang.String,java.lang.String) throws java.lang.Throwable requires a @DataProvider named : WordpressData
	at org.testng.internal.Parameters.findDataProvider(Parameters.java:335)
	at org.testng.internal.Parameters.handleParameters(Parameters.java:497)
	at org.testng.internal.Invoker.handleParameters(Invoker.java:1308)
	at org.testng.internal.Invoker.createParameters(Invoker.java:1035)
	at org.testng.internal.Invoker.invokeTestMethods(Invoker.java:1125)
	at org.testng.internal.TestMethodWorker.invokeTestMethods(TestMethodWorker.java:128)
	at org.testng.internal.TestMethodWorker.run(TestMethodWorker.java:112)
	at org.testng.TestRunner.privateRun(TestRunner.java:756)
	at org.testng.TestRunner.run(TestRunner.java:610)
	at org.testng.SuiteRunner.runTest(SuiteRunner.java:380)
	at org.testng.SuiteRunner.runSequentially(SuiteRunner.java:375)
	at org.testng.SuiteRunner.privateRun(SuiteRunner.java:340)
	at org.testng.SuiteRunner.run(SuiteRunner.java:289)
	at org.testng.SuiteRunnerWorker.runSuite(SuiteRunnerWorker.java:52)
	at org.testng.SuiteRunnerWorker.run(SuiteRunnerWorker.java:86)
	at org.testng.TestNG.runSuitesSequentially(TestNG.java:1306)
	at org.testng.TestNG.runSuitesLocally(TestNG.java:1231)
	at org.testng.TestNG.runSuites(TestNG.java:1146)
	at org.testng.TestNG.run(TestNG.java:1117)
	at org.testng.remote.AbstractRemoteTestNG.run(AbstractRemoteTestNG.java:132)
	at org.testng.remote.RemoteTestNG.initAndRun(RemoteTestNG.java:230)
	at org.testng.remote.RemoteTestNG.main(RemoteTestNG.java:76)
]]>
    </error>
  </testcase> <!-- LoginWordpress -->
</testsuite> <!-- demo1.framwork_practise -->
